<?xml version="1.0" encoding="UTF-8"?>
<!-- Generated by org.testng.reporters.JUnitXMLReporter -->
<testsuite ignored="0" hostname="DESKTOP-TUMQ4HO" failures="0" tests="1" name="Test" time="0.092" errors="0" timestamp="2022-04-11T18:32:14 IST">
  <testcase classname="E2EProject.E2EFramework.MainTest" name="@BeforeTest invokeBrowser" time="0.014">
    <failure type="java.io.FileNotFoundException" message="data.properties (The system cannot find the file specified)">
      <![CDATA[java.io.FileNotFoundException: data.properties (The system cannot find the file specified)
at java.base/java.io.FileInputStream.open0(Native Method)
at java.base/java.io.FileInputStream.open(FileInputStream.java:216)
at java.base/java.io.FileInputStream.<init>(FileInputStream.java:157)
at java.base/java.io.FileInputStream.<init>(FileInputStream.java:111)
at java.base/java.io.FileReader.<init>(FileReader.java:60)
at Resources.BaseClass.initilizeDriver(BaseClass.java:19)
at E2EProject.E2EFramework.MainTest.invokeBrowser(MainTest.java:16)
... Removed 24 stack frames]]>
    </failure>
  </testcase> <!-- @BeforeTest invokeBrowser -->
  <testcase classname="E2EProject.E2EFramework.MainTest" name="@AfterTest closeBrowser" time="-1.649682134864E9">
    <skipped/>
  </testcase> <!-- @AfterTest closeBrowser -->
  <testcase classname="E2EProject.E2EFramework.MainTest" name="MainPage" time="0.0">
    <skipped/>
  </testcase> <!-- MainPage -->
</testsuite> <!-- Test -->
