<?xml version="1.0" encoding="UTF-8"?>
<!-- Generated by org.testng.reporters.JUnitXMLReporter -->
<testsuite ignored="0" hostname="DESKTOP-TUMQ4HO" failures="1" tests="1" name="Validate Text" time="3.784" errors="0" timestamp="2022-04-12T14:54:34 IST">
  <testcase classname="E2EProject.E2EFramework.ValidationTest" name="validateText" time="3.621">
    <failure type="java.lang.AssertionError" message="expected [UI Automation] but found [UI Automation Testing]">
      <![CDATA[java.lang.AssertionError: expected [UI Automation] but found [UI Automation Testing]
at E2EProject.E2EFramework.ValidationTest.validateText(ValidationTest.java:27)
at java.base/java.util.ArrayList.forEach(ArrayList.java:1511)
... Removed 33 stack frames]]>
    </failure>
  </testcase> <!-- validateText -->
</testsuite> <!-- Validate Text -->
